2025-02-13 22:31:44,628 - High stampede risk detected! Probability: 82.5% People: 2 Speed: 2.98 Panic: 1 Objects: person (0.73), person (0.27)
2025-02-13 22:35:32,341 - NEW WEAPON DETECTED! High stampede risk detected! Probability: 5.0% People: 1 Speed: 0.00 Panic: 0 Objects: person (0.87)
2025-02-13 22:35:39,487 - NEW WEAPON DETECTED! High stampede risk detected! Probability: 10.0% People: 1 Speed: 2.64 Panic: 0 Objects: person (0.82), cell phone (0.46)
2025-02-13 22:36:01,581 - NEW WEAPON DETECTED! High stampede risk detected! Probability: 10.0% People: 1 Speed: 0.80 Panic: 0 Objects: person (0.82), toothbrush (0.41)
2025-02-13 22:36:06,270 - NEW WEAPON DETECTED! High stampede risk detected! Probability: 5.0% People: 1 Speed: 3.75 Panic: 0 Objects: person (0.77)
2025-02-13 22:36:06,917 - NEW WEAPON DETECTED! High stampede risk detected! Probability: 5.0% People: 1 Speed: 3.88 Panic: 0 Objects: person (0.74)
2025-02-13 22:36:07,941 - NEW WEAPON DETECTED! High stampede risk detected! Probability: 20.0% People: 1 Speed: 4.65 Panic: 1 Objects: person (0.81)
2025-02-14 13:45:09,307 - NEW WEAPON DETECTED! High stampede risk detected! Probability: 5.0% People: 1 Speed: 0.00 Panic: 0 Objects: person (0.81)
2025-02-14 13:45:13,373 - NEW WEAPON DETECTED! High stampede risk detected! Probability: 10.0% People: 2 Speed: 2.59 Panic: 0 Objects: person (0.91), tie (0.43), tie (0.43)
2025-02-14 13:45:42,090 - NEW WEAPON DETECTED! High stampede risk detected! Probability: 10.0% People: 2 Speed: 1.41 Panic: 0 Objects: person (0.79), person (0.75), tie (0.45)
2025-02-14 13:45:46,752 - NEW WEAPON DETECTED! High stampede risk detected! Probability: 5.0% People: 1 Speed: 4.02 Panic: 0 Objects: person (0.50)
2025-02-14 13:45:51,846 - NEW WEAPON DETECTED! High stampede risk detected! Probability: 10.0% People: 1 Speed: 1.08 Panic: 0 Objects: person (0.90), tie (0.60)
2025-02-14 13:47:54,447 - NEW WEAPON DETECTED! High stampede risk detected! Probability: 5.0% People: 1 Speed: 0.00 Panic: 0 Objects: person (0.90)
2025-02-14 13:48:25,148 - NEW WEAPON DETECTED! High stampede risk detected! Probability: 10.0% People: 2 Speed: 0.70 Panic: 0 Objects: person (0.91), person (0.44), tie (0.40)
2025-02-14 13:48:49,493 - NEW WEAPON DETECTED! High stampede risk detected! Probability: 10.0% People: 4 Speed: 3.86 Panic: 0 Objects: person (0.90), cell phone (0.55), person (0.55)
2025-02-14 13:48:50,326 - NEW WEAPON DETECTED! High stampede risk detected! Probability: 10.0% People: 4 Speed: 3.79 Panic: 0 Objects: person (0.89), cell phone (0.72), person (0.64)
2025-02-14 13:49:10,027 - NEW WEAPON DETECTED! High stampede risk detected! Probability: 10.0% People: 7 Speed: 1.68 Panic: 0 Objects: person (0.43), person (0.40), person (0.37)
2025-02-14 13:49:10,795 - NEW WEAPON DETECTED! High stampede risk detected! Probability: 10.0% People: 3 Speed: 5.93 Panic: 0 Objects: person (0.55), person (0.47)
2025-02-14 13:49:13,922 - NEW WEAPON DETECTED! High stampede risk detected! Probability: 13.8% People: 4 Speed: 10.18 Panic: 1 Objects: person (0.43), person (0.40)
2025-02-14 13:49:15,643 - NEW WEAPON DETECTED! High stampede risk detected! Probability: 10.0% People: 5 Speed: 8.04 Panic: 0 Objects: person (0.47), person (0.44), person (0.36)
2025-02-15 10:39:45,773 - NEW WEAPON DETECTED! High stampede risk detected! Probability: 5.0% People: 1 Speed: 0.00 Panic: 0 Objects: person (0.92)
2025-02-15 10:40:01,403 - NEW WEAPON DETECTED! High stampede risk detected! Probability: 5.0% People: 1 Speed: 1.33 Panic: 0 Objects: person (0.54)
2025-02-15 10:40:05,271 - NEW WEAPON DETECTED! High stampede risk detected! Probability: 5.0% People: 1 Speed: 1.20 Panic: 0 Objects: person (0.88)
2025-02-15 10:40:07,157 - NEW WEAPON DETECTED! High stampede risk detected! Probability: 5.0% People: 1 Speed: 1.27 Panic: 0 Objects: person (0.89)
2025-02-15 10:40:09,346 - NEW WEAPON DETECTED! High stampede risk detected! Probability: 5.0% People: 1 Speed: 1.91 Panic: 0 Objects: person (0.83)
2025-02-15 10:40:10,204 - NEW WEAPON DETECTED! High stampede risk detected! Probability: 5.0% People: 1 Speed: 1.67 Panic: 0 Objects: person (0.89)
2025-02-15 10:40:11,261 - NEW WEAPON DETECTED! High stampede risk detected! Probability: 5.0% People: 1 Speed: 1.31 Panic: 0 Objects: person (0.93)
2025-02-15 10:40:12,900 - NEW WEAPON DETECTED! High stampede risk detected! Probability: 5.0% People: 1 Speed: 2.04 Panic: 0 Objects: person (0.84)
2025-02-15 10:40:13,972 - NEW WEAPON DETECTED! High stampede risk detected! Probability: 5.0% People: 1 Speed: 1.94 Panic: 0 Objects: person (0.50)
2025-02-15 10:40:24,968 - NEW WEAPON DETECTED! High stampede risk detected! Probability: 10.0% People: 1 Speed: 0.55 Panic: 0 Objects: person (0.90), cell phone (0.40)
2025-02-15 10:40:26,117 - NEW WEAPON DETECTED! High stampede risk detected! Probability: 10.0% People: 1 Speed: 0.30 Panic: 0 Objects: person (0.93), cell phone (0.44)
2025-02-15 10:40:30,992 - NEW WEAPON DETECTED! High stampede risk detected! Probability: 10.0% People: 1 Speed: 0.42 Panic: 0 Objects: person (0.92), cell phone (0.37)
2025-02-15 10:40:49,359 - NEW WEAPON DETECTED! High stampede risk detected! Probability: 5.0% People: 1 Speed: 4.86 Panic: 0 Objects: person (0.37)
2025-02-15 10:40:52,565 - NEW WEAPON DETECTED! High stampede risk detected! Probability: 10.0% People: 2 Speed: 5.34 Panic: 0 Objects: person (0.75), person (0.68), dog (0.57)
2025-02-15 10:40:52,895 - NEW WEAPON DETECTED! High stampede risk detected! Probability: 10.0% People: 2 Speed: 7.17 Panic: 0 Objects: person (0.84), person (0.83), teddy bear (0.80)
2025-02-15 10:41:03,183 - NEW WEAPON DETECTED! High stampede risk detected! Probability: 10.0% People: 1 Speed: 2.88 Panic: 0 Objects: person (0.48), teddy bear (0.45)
2025-02-15 10:41:04,778 - NEW WEAPON DETECTED! High stampede risk detected! Probability: 5.0% People: 0 Speed: 0.34 Panic: 0 Objects: teddy bear (0.43)
2025-02-15 10:41:06,329 - NEW WEAPON DETECTED! High stampede risk detected! Probability: 5.0% People: 1 Speed: 0.06 Panic: 0 Objects: person (0.54)
2025-02-15 10:41:07,642 - NEW WEAPON DETECTED! High stampede risk detected! Probability: 5.0% People: 1 Speed: 0.11 Panic: 0 Objects: person (0.54)
2025-02-15 10:41:09,454 - NEW WEAPON DETECTED! High stampede risk detected! Probability: 5.0% People: 1 Speed: 0.11 Panic: 0 Objects: person (0.60)
2025-02-15 10:41:10,012 - NEW WEAPON DETECTED! High stampede risk detected! Probability: 5.0% People: 1 Speed: 1.60 Panic: 0 Objects: teddy bear (0.41)
2025-02-15 10:41:10,574 - NEW WEAPON DETECTED! High stampede risk detected! Probability: 5.0% People: 1 Speed: 3.00 Panic: 0 Objects: person (0.74)
2025-02-15 10:41:15,142 - NEW WEAPON DETECTED! High stampede risk detected! Probability: 10.0% People: 6 Speed: 2.64 Panic: 0 Objects: person (0.66), person (0.61), person (0.57), person (0.57), person (0.43), person (0.42), teddy bear (0.38)
2025-02-15 10:41:15,522 - NEW WEAPON DETECTED! High stampede risk detected! Probability: 12.1% People: 7 Speed: 5.41 Panic: 1 Objects: tie (0.82), person (0.81), person (0.80), person (0.80), person (0.71), person (0.58), tie (0.53), person (0.39)
2025-02-15 10:41:16,734 - NEW WEAPON DETECTED! High stampede risk detected! Probability: 11.7% People: 9 Speed: 1.11 Panic: 1 Objects: person (0.87), person (0.85), tie (0.79), teddy bear (0.74), person (0.63), tie (0.62), person (0.49), person (0.47), tie (0.42), person (0.41)
2025-02-15 10:41:17,512 - NEW WEAPON DETECTED! High stampede risk detected! Probability: 12.5% People: 6 Speed: 0.87 Panic: 1 Objects: person (0.85), person (0.82), tie (0.69), person (0.69), person (0.66), person (0.60), person (0.49), tie (0.46), teddy bear (0.46), tie (0.38)
2025-02-15 10:41:19,048 - NEW WEAPON DETECTED! High stampede risk detected! Probability: 12.5% People: 6 Speed: 1.00 Panic: 1 Objects: person (0.83), person (0.81), person (0.71), person (0.70), person (0.66), tie (0.62), person (0.53), teddy bear (0.50)
2025-02-15 10:41:19,797 - NEW WEAPON DETECTED! High stampede risk detected! Probability: 10.0% People: 6 Speed: 1.24 Panic: 0 Objects: person (0.88), tie (0.86), person (0.82), teddy bear (0.72), person (0.65), person (0.64), person (0.57), tie (0.51)
2025-02-15 10:41:24,133 - NEW WEAPON DETECTED! High stampede risk detected! Probability: 10.0% People: 6 Speed: 0.40 Panic: 0 Objects: person (0.86), person (0.82), person (0.72), person (0.63), person (0.56), tie (0.53), person (0.38), teddy bear (0.35)
2025-02-15 10:41:25,264 - NEW WEAPON DETECTED! High stampede risk detected! Probability: 10.0% People: 8 Speed: 0.60 Panic: 0 Objects: person (0.88), person (0.81), person (0.78), person (0.76), tie (0.54), person (0.50), teddy bear (0.43), tie (0.40), person (0.38)
2025-02-15 10:41:28,633 - NEW WEAPON DETECTED! High stampede risk detected! Probability: 13.0% People: 5 Speed: 0.57 Panic: 1 Objects: person (0.86), teddy bear (0.84), person (0.82), tie (0.73), person (0.68), teddy bear (0.66), person (0.58), tie (0.42)
2025-02-15 10:41:30,883 - NEW WEAPON DETECTED! High stampede risk detected! Probability: 10.0% People: 8 Speed: 2.06 Panic: 0 Objects: person (0.86), tie (0.83), person (0.81), teddy bear (0.68), person (0.60), person (0.54), person (0.46), tie (0.45), person (0.41)
2025-02-15 10:41:31,423 - NEW WEAPON DETECTED! High stampede risk detected! Probability: 5.0% People: 1 Speed: 1.43 Panic: 0 Objects: person (0.63)
2025-02-15 10:41:53,373 - NEW WEAPON DETECTED! High stampede risk detected! Probability: 5.0% People: 1 Speed: 0.00 Panic: 0 Objects: person (0.89)
2025-02-15 23:06:45,357 - NEW WEAPON DETECTED! High stampede risk detected! Probability: 15.0% People: 1 Speed: 1.71 Panic: 0 Objects: person (0.73), cup (0.71)
2025-02-15 23:06:46,078 - NEW WEAPON DETECTED! High stampede risk detected! Probability: 15.0% People: 2 Speed: 0.67 Panic: 0 Objects: person (0.73), cup (0.56), cell phone (0.40), person (0.39)
2025-02-15 23:06:50,519 - NEW WEAPON DETECTED! High stampede risk detected! Probability: 15.0% People: 1 Speed: 0.18 Panic: 0 Objects: person (0.70), cup (0.49)
2025-02-15 23:06:52,398 - NEW WEAPON DETECTED! High stampede risk detected! Probability: 15.0% People: 1 Speed: 3.70 Panic: 0 Objects: person (0.80), cell phone (0.63)
2025-02-15 23:07:34,644 - NEW WEAPON DETECTED! High stampede risk detected! Probability: 7.5% People: 1 Speed: 0.00 Panic: 0 Objects: person (0.80)
2025-02-15 23:07:35,285 - NEW WEAPON DETECTED! High stampede risk detected! Probability: 15.0% People: 1 Speed: 1.26 Panic: 0 Objects: person (0.83), cell phone (0.64)
2025-02-15 23:07:36,205 - NEW WEAPON DETECTED! High stampede risk detected! Probability: 15.0% People: 1 Speed: 0.63 Panic: 0 Objects: person (0.81), cup (0.46)
2025-02-15 23:07:36,601 - NEW WEAPON DETECTED! High stampede risk detected! Probability: 15.0% People: 1 Speed: 0.82 Panic: 0 Objects: person (0.82), cell phone (0.55)
2025-02-15 23:07:36,997 - NEW WEAPON DETECTED! High stampede risk detected! Probability: 15.0% People: 1 Speed: 0.24 Panic: 0 Objects: person (0.80), cup (0.77)
2025-02-15 23:07:37,396 - NEW WEAPON DETECTED! High stampede risk detected! Probability: 15.0% People: 1 Speed: 0.21 Panic: 0 Objects: person (0.81), cell phone (0.47)
2025-02-15 23:07:37,803 - NEW WEAPON DETECTED! High stampede risk detected! Probability: 15.0% People: 1 Speed: 0.27 Panic: 0 Objects: person (0.83), cup (0.48)
2025-02-15 23:07:38,206 - NEW WEAPON DETECTED! High stampede risk detected! Probability: 15.0% People: 1 Speed: 0.35 Panic: 0 Objects: person (0.82), cell phone (0.61)
2025-02-15 23:07:42,932 - NEW WEAPON DETECTED! High stampede risk detected! Probability: 15.0% People: 1 Speed: 2.66 Panic: 0 Objects: person (0.75), cell phone (0.35)
2025-02-15 23:07:45,609 - NEW WEAPON DETECTED! High stampede risk detected! Probability: 15.0% People: 1 Speed: 0.83 Panic: 0 Objects: person (0.83), cell phone (0.58)
2025-02-18 10:39:54,956 - NEW WEAPON DETECTED! High stampede risk detected! Probability: 15.0% People: 3 Speed: 0.00 Panic: 0 Objects: person (0.74), person (0.43)
2025-02-18 10:39:55,519 - NEW WEAPON DETECTED! High stampede risk detected! Probability: 15.0% People: 3 Speed: 1.61 Panic: 0 Objects: person (0.69), tie (0.51), person (0.41)
2025-02-18 10:40:02,214 - NEW WEAPON DETECTED! High stampede risk detected! Probability: 15.0% People: 2 Speed: 1.33 Panic: 0 Objects: person (0.74), person (0.55), tie (0.45)
2025-02-18 10:40:10,498 - NEW WEAPON DETECTED! High stampede risk detected! Probability: 15.0% People: 4 Speed: 0.16 Panic: 0 Objects: person (0.57), person (0.53), person (0.49), tie (0.36)
2025-02-18 10:40:14,171 - NEW WEAPON DETECTED! High stampede risk detected! Probability: 15.0% People: 2 Speed: 1.64 Panic: 0 Objects: person (0.84), tie (0.56), person (0.52)
2025-02-18 10:40:17,706 - NEW WEAPON DETECTED! High stampede risk detected! Probability: 15.0% People: 3 Speed: 0.50 Panic: 0 Objects: person (0.77), person (0.44), tie (0.36)
2025-02-18 10:40:23,317 - NEW WEAPON DETECTED! High stampede risk detected! Probability: 15.0% People: 3 Speed: 2.76 Panic: 0 Objects: person (0.84), person (0.76), cup (0.47)
2025-02-18 10:40:32,920 - NEW WEAPON DETECTED! High stampede risk detected! Probability: 15.0% People: 2 Speed: 1.18 Panic: 0 Objects: person (0.80), tie (0.65), person (0.64)
2025-02-18 10:40:36,558 - NEW WEAPON DETECTED! High stampede risk detected! Probability: 15.0% People: 2 Speed: 1.59 Panic: 0 Objects: person (0.82), person (0.67), cup (0.36)
2025-02-18 10:40:36,957 - NEW WEAPON DETECTED! High stampede risk detected! Probability: 15.0% People: 2 Speed: 2.21 Panic: 0 Objects: person (0.88), person (0.87), tie (0.48)
2025-02-18 10:40:37,900 - NEW WEAPON DETECTED! High stampede risk detected! Probability: 15.0% People: 2 Speed: 4.22 Panic: 0 Objects: person (0.93), person (0.91), tie (0.46)
2025-02-18 10:40:40,763 - NEW WEAPON DETECTED! High stampede risk detected! Probability: 15.0% People: 2 Speed: 0.38 Panic: 0 Objects: person (0.94), person (0.92), tie (0.38)
2025-02-18 10:40:50,094 - NEW WEAPON DETECTED! High stampede risk detected! Probability: 15.0% People: 2 Speed: 3.37 Panic: 0 Objects: person (0.82), person (0.40), dog (0.39)
2025-02-18 10:48:45,579 - NEW WEAPON DETECTED! High stampede risk detected! Probability: 15.0% People: 2 Speed: 1.87 Panic: 0 Objects: cell phone (0.55), cell phone (0.39)
2025-02-18 10:48:47,660 - NEW WEAPON DETECTED! High stampede risk detected! Probability: 7.5% People: 2 Speed: 1.22 Panic: 0 Objects: cell phone (0.58)
2025-02-18 10:49:33,195 - NEW WEAPON DETECTED! High stampede risk detected! Probability: 7.5% People: 3 Speed: 2.87 Panic: 0 Objects: cell phone (0.80)
2025-02-18 10:50:00,339 - NEW WEAPON DETECTED! High stampede risk detected! Probability: 7.5% People: 2 Speed: 4.16 Panic: 0 Objects: cell phone (0.49)
2025-02-18 10:50:18,059 - NEW WEAPON DETECTED! High stampede risk detected! Probability: 20.0% People: 2 Speed: 3.80 Panic: 1 Objects: cell phone (0.73)
2025-02-18 10:50:20,331 - NEW WEAPON DETECTED! High stampede risk detected! Probability: 7.5% People: 1 Speed: 3.15 Panic: 0 Objects: knife (0.63)
2025-02-18 10:50:22,706 - NEW WEAPON DETECTED! High stampede risk detected! Probability: 7.5% People: 1 Speed: 1.09 Panic: 0 Objects: knife (0.53)
2025-02-18 10:50:23,659 - NEW WEAPON DETECTED! High stampede risk detected! Probability: 7.5% People: 1 Speed: 0.88 Panic: 0 Objects: knife (0.48)
2025-02-18 10:50:24,689 - NEW WEAPON DETECTED! High stampede risk detected! Probability: 7.5% People: 1 Speed: 1.19 Panic: 0 Objects: knife (0.60)
2025-02-18 10:50:38,555 - NEW WEAPON DETECTED! High stampede risk detected! Probability: 7.5% People: 4 Speed: 3.81 Panic: 0 Objects: cell phone (0.38)
2025-02-18 10:50:39,770 - NEW WEAPON DETECTED! High stampede risk detected! Probability: 15.0% People: 2 Speed: 3.62 Panic: 0 Objects: teddy bear (0.50), teddy bear (0.49)
2025-02-18 10:50:40,534 - NEW WEAPON DETECTED! High stampede risk detected! Probability: 15.0% People: 1 Speed: 2.44 Panic: 0 Objects: teddy bear (0.88), cell phone (0.42)
2025-02-18 10:50:46,977 - NEW WEAPON DETECTED! High stampede risk detected! Probability: 15.0% People: 1 Speed: 2.40 Panic: 0 Objects: teddy bear (0.80), cell phone (0.74)
2025-02-18 10:50:52,428 - NEW WEAPON DETECTED! High stampede risk detected! Probability: 7.5% People: 3 Speed: 5.11 Panic: 0 Objects: teddy bear (0.92)
2025-02-18 10:50:53,647 - NEW WEAPON DETECTED! High stampede risk detected! Probability: 15.0% People: 1 Speed: 4.07 Panic: 0 Objects: teddy bear (0.92), cell phone (0.62)
2025-02-18 10:50:54,699 - NEW WEAPON DETECTED! High stampede risk detected! Probability: 15.0% People: 1 Speed: 1.84 Panic: 0 Objects: cell phone (0.69), teddy bear (0.68)
2025-02-18 10:50:56,109 - NEW WEAPON DETECTED! High stampede risk detected! Probability: 15.0% People: 1 Speed: 1.05 Panic: 0 Objects: cell phone (0.73), teddy bear (0.42)
2025-02-18 10:50:57,562 - NEW WEAPON DETECTED! High stampede risk detected! Probability: 15.0% People: 1 Speed: 3.29 Panic: 0 Objects: teddy bear (0.86), cell phone (0.42)
2025-02-18 10:51:00,218 - NEW WEAPON DETECTED! High stampede risk detected! Probability: 15.0% People: 2 Speed: 2.47 Panic: 0 Objects: teddy bear (0.92), cell phone (0.61)
2025-02-18 10:51:02,435 - NEW WEAPON DETECTED! High stampede risk detected! Probability: 15.0% People: 1 Speed: 3.91 Panic: 0 Objects: teddy bear (0.90), cell phone (0.42)
2025-02-18 10:51:06,319 - NEW WEAPON DETECTED! High stampede risk detected! Probability: 15.0% People: 1 Speed: 4.46 Panic: 0 Objects: teddy bear (0.94), cell phone (0.51)
2025-02-18 10:51:07,030 - NEW WEAPON DETECTED! High stampede risk detected! Probability: 15.0% People: 1 Speed: 3.43 Panic: 0 Objects: teddy bear (0.68), cell phone (0.42)
2025-02-18 10:51:31,305 - NEW WEAPON DETECTED! High stampede risk detected! Probability: 24.2% People: 3 Speed: 3.00 Panic: 2 Objects: cell phone (0.40)
2025-02-18 13:07:54,385 - NEW WEAPON DETECTED! High stampede risk detected! Probability: 5.0% People: 5 Speed: 3.77 Panic: 0 Objects: cell phone (0.49)
2025-02-18 13:11:50,437 - NEW WEAPON DETECTED! High stampede risk detected! Probability: 5.0% People: 2 Speed: 4.01 Panic: 0 Objects: cell phone (0.75)
2025-02-18 13:12:13,437 - NEW WEAPON DETECTED! High stampede risk detected! Probability: 5.0% People: 3 Speed: 2.91 Panic: 0 Objects: cell phone (0.90)
2025-02-18 13:12:14,598 - NEW WEAPON DETECTED! High stampede risk detected! Probability: 5.0% People: 2 Speed: 6.39 Panic: 0 Objects: cell phone (0.49)
2025-02-18 13:12:16,547 - NEW WEAPON DETECTED! High stampede risk detected! Probability: 5.0% People: 7 Speed: 1.25 Panic: 0 Objects: cell phone (0.51)
2025-02-18 13:12:20,133 - NEW WEAPON DETECTED! High stampede risk detected! Probability: 5.0% People: 9 Speed: 2.33 Panic: 0 Objects: cell phone (0.42)
2025-02-18 13:12:20,906 - NEW WEAPON DETECTED! High stampede risk detected! Probability: 5.0% People: 8 Speed: 7.03 Panic: 0 Objects: cell phone (0.61)
2025-02-18 13:12:21,687 - NEW WEAPON DETECTED! High stampede risk detected! Probability: 5.0% People: 9 Speed: 6.48 Panic: 0 Objects: cell phone (0.63)
2025-02-18 13:12:24,072 - NEW WEAPON DETECTED! High stampede risk detected! Probability: 5.0% People: 5 Speed: 3.10 Panic: 0 Objects: cell phone (0.48)
2025-02-18 13:12:25,749 - NEW WEAPON DETECTED! High stampede risk detected! Probability: 10.0% People: 1 Speed: 4.57 Panic: 0 Objects: cell phone (0.89), teddy bear (0.41)
2025-02-18 13:12:26,518 - NEW WEAPON DETECTED! High stampede risk detected! Probability: 5.0% People: 3 Speed: 5.33 Panic: 0 Objects: cell phone (0.87)
2025-02-19 19:41:23,912 - NEW WEAPON DETECTED! High stampede risk detected! Probability: 5.0% People: 9 Speed: 7.65 Panic: 0 Objects: cell phone (0.44)
2025-02-19 19:41:28,974 - NEW WEAPON DETECTED! High stampede risk detected! Probability: 15.7% People: 7 Speed: 9.45 Panic: 3 Objects: cell phone (0.54)
2025-02-19 19:41:41,634 - NEW WEAPON DETECTED! High stampede risk detected! Probability: 15.0% People: 10 Speed: 10.56 Panic: 4 Objects: teddy bear (0.52)
2025-02-19 19:41:46,454 - NEW WEAPON DETECTED! High stampede risk detected! Probability: 9.2% People: 6 Speed: 5.10 Panic: 1 Objects: teddy bear (0.37)
2025-02-19 19:44:43,248 - NEW WEAPON DETECTED! High stampede risk detected! Probability: 5.0% People: 3 Speed: 5.36 Panic: 0 Objects: cell phone (0.45)
2025-02-19 19:44:50,095 - NEW WEAPON DETECTED! High stampede risk detected! Probability: 13.3% People: 6 Speed: 6.45 Panic: 2 Objects: cell phone (0.70)
2025-02-19 19:44:52,695 - NEW WEAPON DETECTED! High stampede risk detected! Probability: 10.0% People: 10 Speed: 3.24 Panic: 2 Objects: teddy bear (0.39)
2025-02-19 19:44:56,894 - NEW WEAPON DETECTED! High stampede risk detected! Probability: 11.8% People: 11 Speed: 7.59 Panic: 3 Objects: cell phone (0.68)
2025-02-19 19:45:00,750 - NEW WEAPON DETECTED! High stampede risk detected! Probability: 14.4% People: 8 Speed: 2.76 Panic: 3 Objects: cell phone (0.43)
2025-02-19 19:45:02,078 - NEW WEAPON DETECTED! High stampede risk detected! Probability: 35.0% People: 3 Speed: 12.32 Panic: 4 Objects: teddy bear (0.89), teddy bear (0.58), teddy bear (0.57)
2025-02-19 19:45:03,160 - NEW WEAPON DETECTED! High stampede risk detected! Probability: 5.0% People: 7 Speed: 5.78 Panic: 0 Objects: cell phone (0.37)
2025-02-19 19:45:07,088 - NEW WEAPON DETECTED! High stampede risk detected! Probability: 10.0% People: 10 Speed: 2.15 Panic: 2 Objects: cell phone (0.75)
2025-02-21 18:18:44,261 - NEW WEAPON DETECTED! High stampede risk detected! Probability: 5.0% People: 3 Speed: 7.41 Panic: 0 Objects: cell phone (0.37)
2025-02-21 18:18:45,924 - NEW WEAPON DETECTED! High stampede risk detected! Probability: 5.0% People: 3 Speed: 4.10 Panic: 0 Objects: cell phone (0.49)
2025-02-21 18:18:47,598 - NEW WEAPON DETECTED! High stampede risk detected! Probability: 5.0% People: 4 Speed: 3.67 Panic: 0 Objects: cell phone (0.69)
2025-02-21 18:18:49,328 - NEW WEAPON DETECTED! High stampede risk detected! Probability: 5.0% People: 1 Speed: 6.84 Panic: 0 Objects: cell phone (0.60)
2025-02-21 18:18:51,514 - NEW WEAPON DETECTED! High stampede risk detected! Probability: 5.0% People: 4 Speed: 4.27 Panic: 0 Objects: cell phone (0.72)
2025-02-21 18:18:52,271 - NEW WEAPON DETECTED! High stampede risk detected! Probability: 5.0% People: 4 Speed: 6.99 Panic: 0 Objects: cell phone (0.81)
2025-02-21 18:18:57,784 - NEW WEAPON DETECTED! High stampede risk detected! Probability: 5.0% People: 6 Speed: 2.08 Panic: 0 Objects: cell phone (0.42)
2025-02-21 18:18:59,792 - NEW WEAPON DETECTED! High stampede risk detected! Probability: 5.0% People: 6 Speed: 0.83 Panic: 0 Objects: cell phone (0.36)
2025-02-21 18:19:05,097 - NEW WEAPON DETECTED! High stampede risk detected! Probability: 5.0% People: 0 Speed: 3.90 Panic: 0 Objects: cell phone (0.76)
2025-02-21 18:19:05,872 - NEW WEAPON DETECTED! High stampede risk detected! Probability: 5.0% People: 3 Speed: 5.40 Panic: 0 Objects: cell phone (0.64)
2025-02-21 18:19:30,795 - NEW WEAPON DETECTED! High stampede risk detected! Probability: 5.0% People: 11 Speed: 1.93 Panic: 0 Objects: cell phone (0.43)
2025-02-21 18:19:36,285 - NEW WEAPON DETECTED! High stampede risk detected! Probability: 5.0% People: 10 Speed: 1.25 Panic: 0 Objects: cell phone (0.38)
2025-02-21 18:19:37,159 - NEW WEAPON DETECTED! High stampede risk detected! Probability: 5.0% People: 7 Speed: 1.15 Panic: 0 Objects: cell phone (0.39)
2025-02-21 18:19:39,260 - NEW WEAPON DETECTED! High stampede risk detected! Probability: 5.0% People: 12 Speed: 0.90 Panic: 0 Objects: cell phone (0.51)
2025-02-21 18:19:42,810 - NEW WEAPON DETECTED! High stampede risk detected! Probability: 9.2% People: 6 Speed: 2.37 Panic: 1 Objects: cell phone (0.37)
2025-02-21 18:19:45,440 - NEW WEAPON DETECTED! High stampede risk detected! Probability: 5.0% People: 5 Speed: 1.05 Panic: 0 Objects: cell phone (0.41)
2025-02-21 18:20:14,342 - NEW WEAPON DETECTED! High stampede risk detected! Probability: 5.0% People: 2 Speed: 3.22 Panic: 0 Objects: cell phone (0.46)
2025-02-21 18:20:15,999 - NEW WEAPON DETECTED! High stampede risk detected! Probability: 5.0% People: 2 Speed: 1.45 Panic: 0 Objects: cell phone (0.47)
2025-02-21 18:20:18,495 - NEW WEAPON DETECTED! High stampede risk detected! Probability: 5.0% People: 2 Speed: 0.68 Panic: 0 Objects: cell phone (0.43)
2025-02-26 19:14:47,398 - NEW WEAPON DETECTED! High stampede risk detected! Probability: 5.0% People: 1 Speed: 1.96 Panic: 0 Objects: cell phone (0.56)
2025-02-26 19:14:51,801 - NEW WEAPON DETECTED! High stampede risk detected! Probability: 5.0% People: 1 Speed: 0.58 Panic: 0 Objects: cell phone (0.77)
2025-02-27 17:44:21,050 - NEW WEAPON DETECTED! High stampede risk detected! Probability: 10.0% People: 0 Speed: 2.88 Panic: 0 Objects: book (0.45), book (0.44), book (0.42), book (0.38)
2025-02-27 17:49:48,005 - NEW WEAPON DETECTED! High stampede risk detected! Probability: 5.0% People: 0 Speed: 0.13 Panic: 0 Objects: cell phone (0.57)
2025-02-27 17:49:48,761 - NEW WEAPON DETECTED! High stampede risk detected! Probability: 5.0% People: 0 Speed: 0.10 Panic: 0 Objects: cell phone (0.43)
2025-02-27 17:49:55,567 - NEW WEAPON DETECTED! High stampede risk detected! Probability: 5.0% People: 0 Speed: 3.80 Panic: 0 Objects: cell phone (0.38)
2025-02-27 17:49:59,060 - NEW WEAPON DETECTED! High stampede risk detected! Probability: 5.0% People: 0 Speed: 9.06 Panic: 0 Objects: cell phone (0.35)
2025-02-27 17:50:33,796 - NEW WEAPON DETECTED! High stampede risk detected! Probability: 10.0% People: 1 Speed: 9.25 Panic: 0 Objects: book (0.55), book (0.47), book (0.46)
2025-02-27 17:50:52,516 - NEW WEAPON DETECTED! High stampede risk detected! Probability: 5.0% People: 0 Speed: 1.27 Panic: 0 Objects: teddy bear (0.38)
2025-02-27 18:05:12,426 - NEW WEAPON DETECTED! High stampede risk detected! Probability: 5.0% People: 0 Speed: 0.00 Panic: 0 Objects: cell phone (0.61)
2025-02-27 18:05:20,087 - NEW WEAPON DETECTED! High stampede risk detected! Probability: 5.0% People: 0 Speed: 6.24 Panic: 0 Objects: book (0.39)
2025-02-27 18:06:15,053 - NEW WEAPON DETECTED! High stampede risk detected! Probability: 5.0% People: 3 Speed: 0.00 Panic: 0 Objects: book (0.41)
2025-02-27 18:06:29,190 - NEW WEAPON DETECTED! High stampede risk detected! Probability: 5.0% People: 0 Speed: 0.40 Panic: 0 Objects: book (0.37)
2025-02-27 18:06:34,392 - NEW WEAPON DETECTED! High stampede risk detected! Probability: 10.0% People: 1 Speed: 0.58 Panic: 0 Objects: book (0.49), cell phone (0.46), book (0.40)
2025-02-27 18:06:35,335 - NEW WEAPON DETECTED! High stampede risk detected! Probability: 10.0% People: 1 Speed: 0.83 Panic: 0 Objects: cell phone (0.50), book (0.45), book (0.38)
2025-02-27 18:06:37,712 - NEW WEAPON DETECTED! High stampede risk detected! Probability: 5.0% People: 1 Speed: 0.45 Panic: 0 Objects: book (0.42)
2025-02-27 18:06:38,189 - NEW WEAPON DETECTED! High stampede risk detected! Probability: 5.0% People: 1 Speed: 2.11 Panic: 0 Objects: cell phone (0.52)
2025-02-27 18:06:40,268 - NEW WEAPON DETECTED! High stampede risk detected! Probability: 10.0% People: 1 Speed: 4.09 Panic: 0 Objects: book (0.40), book (0.36)
2025-02-27 18:06:42,707 - NEW WEAPON DETECTED! High stampede risk detected! Probability: 5.0% People: 1 Speed: 4.50 Panic: 0 Objects: cell phone (0.69)
2025-02-27 18:06:43,652 - NEW WEAPON DETECTED! High stampede risk detected! Probability: 10.0% People: 1 Speed: 0.32 Panic: 0 Objects: cell phone (0.69), book (0.40)
2025-02-27 18:06:46,962 - NEW WEAPON DETECTED! High stampede risk detected! Probability: 10.0% People: 1 Speed: 2.93 Panic: 0 Objects: cell phone (0.58), book (0.56)
2025-02-27 18:06:59,899 - NEW WEAPON DETECTED! High stampede risk detected! Probability: 10.0% People: 1 Speed: 2.58 Panic: 0 Objects: book (0.60), book (0.37)
2025-02-27 18:07:02,253 - NEW WEAPON DETECTED! High stampede risk detected! Probability: 10.0% People: 0 Speed: 5.38 Panic: 0 Objects: cell phone (0.65), book (0.37)
2025-02-27 18:07:04,215 - NEW WEAPON DETECTED! High stampede risk detected! Probability: 10.0% People: 1 Speed: 5.15 Panic: 0 Objects: cell phone (0.64), book (0.50), book (0.36)
2025-02-27 18:07:09,633 - NEW WEAPON DETECTED! High stampede risk detected! Probability: 10.0% People: 1 Speed: 0.44 Panic: 0 Objects: cell phone (0.60), book (0.40)
2025-02-27 18:07:31,317 - NEW WEAPON DETECTED! High stampede risk detected! Probability: 5.0% People: 1 Speed: 5.52 Panic: 0 Objects: cell phone (0.45)
